2020-03-02 15:57:33.407  INFO 11852 --- [main] c.k.i.ImageuploaderApplication           : Starting ImageuploaderApplication on Vitaly-Computer with PID 11852 (C:\Users\Vitaly\IdeaProjects\ktor-samples\app\imageuploader\target\classes started by Vitaly in C:\Users\Vitaly\IdeaProjects\ktor-samples\app\imageuploader)
2020-03-02 15:57:33.410  INFO 11852 --- [main] c.k.i.ImageuploaderApplication           : No active profile set, falling back to default profiles: default
2020-03-02 15:57:34.183  INFO 11852 --- [main] o.s.b.w.embedded.tomcat.TomcatWebServer  : Tomcat initialized with port(s): 8080 (http)
2020-03-02 15:57:34.189  INFO 11852 --- [main] o.apache.catalina.core.StandardService   : Starting service [Tomcat]
2020-03-02 15:57:34.190  INFO 11852 --- [main] org.apache.catalina.core.StandardEngine  : Starting Servlet engine: [Apache Tomcat/9.0.31]
2020-03-02 15:57:34.233  INFO 11852 --- [main] o.a.c.c.C.[Tomcat].[localhost].[/]       : Initializing Spring embedded WebApplicationContext
2020-03-02 15:57:34.233  INFO 11852 --- [main] o.s.web.context.ContextLoader            : Root WebApplicationContext: initialization completed in 773 ms
2020-03-02 15:57:34.331  INFO 11852 --- [main] o.s.s.concurrent.ThreadPoolTaskExecutor  : Initializing ExecutorService 'applicationTaskExecutor'
2020-03-02 15:57:34.365  INFO 11852 --- [main] o.s.b.a.w.s.WelcomePageHandlerMapping    : Adding welcome page: class path resource [static/index.html]
2020-03-02 15:57:34.435  INFO 11852 --- [main] o.apache.catalina.core.StandardService   : Stopping service [Tomcat]
2020-03-02 15:57:34.440  INFO 11852 --- [main] ConditionEvaluationReportLoggingListener : 

Error starting ApplicationContext. To display the conditions report re-run your application with 'debug' enabled.
2020-03-02 15:57:34.443 ERROR 11852 --- [main] o.s.b.d.LoggingFailureAnalysisReporter   : 

***************************
APPLICATION FAILED TO START
***************************

Description:

Web server failed to start. Port 8080 was already in use.

Action:

Identify and stop the process that's listening on port 8080 or configure this application to listen on another port.

2020-03-02 15:57:34.444  INFO 11852 --- [main] o.s.s.concurrent.ThreadPoolTaskExecutor  : Shutting down ExecutorService 'applicationTaskExecutor'
2020-03-02 15:58:14.404  INFO 11484 --- [main] c.k.i.ImageuploaderApplication           : Starting ImageuploaderApplication on Vitaly-Computer with PID 11484 (C:\Users\Vitaly\IdeaProjects\ktor-samples\app\imageuploader\target\classes started by Vitaly in C:\Users\Vitaly\IdeaProjects\ktor-samples\app\imageuploader)
2020-03-02 15:58:14.406  INFO 11484 --- [main] c.k.i.ImageuploaderApplication           : No active profile set, falling back to default profiles: default
2020-03-02 15:58:15.076  INFO 11484 --- [main] o.s.b.w.embedded.tomcat.TomcatWebServer  : Tomcat initialized with port(s): 8081 (http)
2020-03-02 15:58:15.083  INFO 11484 --- [main] o.apache.catalina.core.StandardService   : Starting service [Tomcat]
2020-03-02 15:58:15.083  INFO 11484 --- [main] org.apache.catalina.core.StandardEngine  : Starting Servlet engine: [Apache Tomcat/9.0.31]
2020-03-02 15:58:15.134  INFO 11484 --- [main] o.a.c.c.C.[Tomcat].[localhost].[/]       : Initializing Spring embedded WebApplicationContext
2020-03-02 15:58:15.134  INFO 11484 --- [main] o.s.web.context.ContextLoader            : Root WebApplicationContext: initialization completed in 698 ms
2020-03-02 15:58:15.267  INFO 11484 --- [main] o.s.s.concurrent.ThreadPoolTaskExecutor  : Initializing ExecutorService 'applicationTaskExecutor'
2020-03-02 15:58:15.300  INFO 11484 --- [main] o.s.b.a.w.s.WelcomePageHandlerMapping    : Adding welcome page: class path resource [static/index.html]
2020-03-02 15:58:15.370  INFO 11484 --- [main] o.s.b.w.embedded.tomcat.TomcatWebServer  : Tomcat started on port(s): 8081 (http) with context path ''
2020-03-02 15:58:15.373  INFO 11484 --- [main] c.k.i.ImageuploaderApplication           : Started ImageuploaderApplication in 1.214 seconds (JVM running for 1.783)
2020-03-02 15:58:19.359  INFO 11484 --- [http-nio-8081-exec-2] o.a.c.c.C.[Tomcat].[localhost].[/]       : Initializing Spring DispatcherServlet 'dispatcherServlet'
2020-03-02 15:58:19.360  INFO 11484 --- [http-nio-8081-exec-2] o.s.web.servlet.DispatcherServlet        : Initializing Servlet 'dispatcherServlet'
2020-03-02 15:58:19.366  INFO 11484 --- [http-nio-8081-exec-2] o.s.web.servlet.DispatcherServlet        : Completed initialization in 6 ms
2020-03-02 16:20:49.067  INFO 11636 --- [main] c.k.imageuploader.FileUploadTests        : Starting FileUploadTests on Vitaly-Computer with PID 11636 (started by Vitaly in C:\Users\Vitaly\IdeaProjects\ktor-samples\app\imageuploader)
2020-03-02 16:20:49.069  INFO 11636 --- [main] c.k.imageuploader.FileUploadTests        : No active profile set, falling back to default profiles: default
2020-03-02 16:20:50.349  INFO 11636 --- [main] o.s.s.concurrent.ThreadPoolTaskExecutor  : Initializing ExecutorService 'applicationTaskExecutor'
2020-03-02 16:20:50.574  INFO 11636 --- [main] o.s.b.t.m.w.SpringBootMockServletContext : Initializing Spring TestDispatcherServlet ''
2020-03-02 16:20:50.575  INFO 11636 --- [main] o.s.t.web.servlet.TestDispatcherServlet  : Initializing Servlet ''
2020-03-02 16:20:50.583  INFO 11636 --- [main] o.s.t.web.servlet.TestDispatcherServlet  : Completed initialization in 8 ms
2020-03-02 16:20:50.606  INFO 11636 --- [main] c.k.imageuploader.FileUploadTests        : Started FileUploadTests in 1.787 seconds (JVM running for 2.54)
2020-03-02 16:20:50.715  INFO 11636 --- [SpringContextShutdownHook] o.s.s.concurrent.ThreadPoolTaskExecutor  : Shutting down ExecutorService 'applicationTaskExecutor'
2020-03-02 16:21:19.050  INFO 3612 --- [main] c.k.imageuploader.FileUploadTests        : Starting FileUploadTests on Vitaly-Computer with PID 3612 (started by Vitaly in C:\Users\Vitaly\IdeaProjects\ktor-samples\app\imageuploader)
2020-03-02 16:21:19.052  INFO 3612 --- [main] c.k.imageuploader.FileUploadTests        : No active profile set, falling back to default profiles: default
2020-03-02 16:21:20.251  INFO 3612 --- [main] o.s.s.concurrent.ThreadPoolTaskExecutor  : Initializing ExecutorService 'applicationTaskExecutor'
2020-03-02 16:21:20.480  INFO 3612 --- [main] o.s.b.t.m.w.SpringBootMockServletContext : Initializing Spring TestDispatcherServlet ''
2020-03-02 16:21:20.481  INFO 3612 --- [main] o.s.t.web.servlet.TestDispatcherServlet  : Initializing Servlet ''
2020-03-02 16:21:20.489  INFO 3612 --- [main] o.s.t.web.servlet.TestDispatcherServlet  : Completed initialization in 8 ms
2020-03-02 16:21:20.509  INFO 3612 --- [main] c.k.imageuploader.FileUploadTests        : Started FileUploadTests in 1.764 seconds (JVM running for 2.776)
2020-03-02 16:21:20.631  INFO 3612 --- [SpringContextShutdownHook] o.s.s.concurrent.ThreadPoolTaskExecutor  : Shutting down ExecutorService 'applicationTaskExecutor'
2020-03-02 16:21:27.212  INFO 13156 --- [main] c.k.i.ImageuploaderApplication           : Starting ImageuploaderApplication on Vitaly-Computer with PID 13156 (C:\Users\Vitaly\IdeaProjects\ktor-samples\app\imageuploader\target\classes started by Vitaly in C:\Users\Vitaly\IdeaProjects\ktor-samples\app\imageuploader)
2020-03-02 16:21:27.215  INFO 13156 --- [main] c.k.i.ImageuploaderApplication           : No active profile set, falling back to default profiles: default
2020-03-02 16:21:27.781  INFO 13156 --- [main] o.s.b.w.embedded.tomcat.TomcatWebServer  : Tomcat initialized with port(s): 8081 (http)
2020-03-02 16:21:27.786  INFO 13156 --- [main] o.apache.catalina.core.StandardService   : Starting service [Tomcat]
2020-03-02 16:21:27.787  INFO 13156 --- [main] org.apache.catalina.core.StandardEngine  : Starting Servlet engine: [Apache Tomcat/9.0.31]
2020-03-02 16:21:27.839  INFO 13156 --- [main] o.a.c.c.C.[Tomcat].[localhost].[/]       : Initializing Spring embedded WebApplicationContext
2020-03-02 16:21:27.839  INFO 13156 --- [main] o.s.web.context.ContextLoader            : Root WebApplicationContext: initialization completed in 581 ms
2020-03-02 16:21:27.942  INFO 13156 --- [main] o.s.s.concurrent.ThreadPoolTaskExecutor  : Initializing ExecutorService 'applicationTaskExecutor'
2020-03-02 16:21:28.054  INFO 13156 --- [main] o.s.b.w.embedded.tomcat.TomcatWebServer  : Tomcat started on port(s): 8081 (http) with context path ''
2020-03-02 16:21:28.056  INFO 13156 --- [main] c.k.i.ImageuploaderApplication           : Started ImageuploaderApplication in 1.09 seconds (JVM running for 1.887)
2020-03-02 16:21:47.803  INFO 13156 --- [http-nio-8081-exec-1] o.a.c.c.C.[Tomcat].[localhost].[/]       : Initializing Spring DispatcherServlet 'dispatcherServlet'
2020-03-02 16:21:47.804  INFO 13156 --- [http-nio-8081-exec-1] o.s.web.servlet.DispatcherServlet        : Initializing Servlet 'dispatcherServlet'
2020-03-02 16:21:47.808  INFO 13156 --- [http-nio-8081-exec-1] o.s.web.servlet.DispatcherServlet        : Completed initialization in 4 ms
